<?xml version="1.0" encoding="UTF-8"?>
<testsuite name="joinProgramme.Exeptional scenarios" tests="3" failures="1" errors="0" time="2.98"><properties>
[...]
</properties><testcase name="MemberCreationMinimalData1" time="1.051"><failure type="Failing due to failed test step" message="Failing due to failed test step"><![CDATA[<h3><b>MemberCreationMinimalData Failed</b></h3><pre>[familyName] XPathContains comparison failed for path [//*:member[1]/*:person[1]/*:name[1]/*:familyName[1]], expecting [HAREs], actual was [HARE]
</pre><hr/>]]></failure></testcase><testcase name="Copy of MemberCreationMinimalData2" time="1.051"/><testcase name="Copy of Copy of MemberCreationMinimalData3" time="0.878"/></testsuite>